Build started 5/9/2011 3:22:25 PM.
Project "C:\Documents and Settings\Administrator\Desktop\L0005\BandObjectLib\RegisterLib\RegisterLib.vcxproj" on node 2 (rebuild target(s)).
_PrepareForClean:
  Deleting file "Debug\RegisterLib.lastbuildstate".
InitializeBuildStatus:
  Creating "Debug\RegisterLib.unsuccessfulbuild" because "AlwaysCreate" was specified.
PostBuildEvent:
  cd C:\Documents and Settings\Administrator\Desktop\L0005\BandObjectLib\RegisterLib\..\bin\Debug
  
  gacutil /if BandObjectLib.dll
  gacutil /if Interop.SHDocVw.dll
  
  
  :VCEnd
  Microsoft (R) .NET Global Assembly Cache Utility.  Version 4.0.30319.1
  Copyright (c) Microsoft Corporation.  All rights reserved.
  
  Assembly successfully added to the cache
  Microsoft (R) .NET Global Assembly Cache Utility.  Version 4.0.30319.1
  Copyright (c) Microsoft Corporation.  All rights reserved.
  
  Assembly successfully added to the cache
FinalizeBuildStatus:
  Deleting file "Debug\RegisterLib.unsuccessfulbuild".
  Touching "Debug\RegisterLib.lastbuildstate".
Done Building Project "C:\Documents and Settings\Administrator\Desktop\L0005\BandObjectLib\RegisterLib\RegisterLib.vcxproj" (rebuild target(s)).

Build succeeded.

Time Elapsed 00:00:01.20
