Build started 5/9/2011 4:00:03 PM.
Project "C:\Documents and Settings\Administrator\Desktop\L0005\SampleBars\Register\Register.vcxproj" on node 2 (rebuild target(s)).
_PrepareForClean:
  Deleting file "Debug\Register.lastbuildstate".
InitializeBuildStatus:
  Creating "Debug\Register.unsuccessfulbuild" because "AlwaysCreate" was specified.
PostBuildEvent:
  cd C:\Documents and Settings\Administrator\Desktop\L0005\SampleBars\Register\..\bin\Debug
  
  gacutil /if SampleBars.dll
  regasm SampleBars.dll
  
  
  
  :VCEnd
  Microsoft (R) .NET Global Assembly Cache Utility.  Version 4.0.30319.1
  Copyright (c) Microsoft Corporation.  All rights reserved.
  
  Assembly successfully added to the cache
  Microsoft (R) .NET Framework Assembly Registration Utility 4.0.30319.1
  Copyright (C) Microsoft Corporation 1998-2004.  All rights reserved.
  
  Types registered successfully
FinalizeBuildStatus:
  Deleting file "Debug\Register.unsuccessfulbuild".
  Touching "Debug\Register.lastbuildstate".
Done Building Project "C:\Documents and Settings\Administrator\Desktop\L0005\SampleBars\Register\Register.vcxproj" (rebuild target(s)).

Build succeeded.

Time Elapsed 00:00:01.09
